2024-12-10 17:40:20,606 - test classifier - ERROR - Exception occured in <bound method MulticlassClassificationJupiterModel.inference of <lxf.ai.classification.multiclass.jupiter_model.MulticlassClassificationJupiterModel object at 0x7dba7cb4bf50>> : object tuple can't be used in 'await' expression 
Traceback (most recent call last):
  File "/home/jacques/works/RevolutionAI/Core/Libs-python/src/lxf/services/try_safe.py", line 5, in try_safe_execute_async
    result= await func(**kargs)
            ^^^^^^^^^^^^^^^^^^^
TypeError: object tuple can't be used in 'await' expression
2024-12-10 17:40:20,606 - test classifier - ERROR - Exception occured in <bound method MulticlassClassificationJupiterModel.inference of <lxf.ai.classification.multiclass.jupiter_model.MulticlassClassificationJupiterModel object at 0x7dba7cb4bf50>> : object tuple can't be used in 'await' expression 
Traceback (most recent call last):
  File "/home/jacques/works/RevolutionAI/Core/Libs-python/src/lxf/services/try_safe.py", line 5, in try_safe_execute_async
    result= await func(**kargs)
            ^^^^^^^^^^^^^^^^^^^
TypeError: object tuple can't be used in 'await' expression
2024-12-10 17:40:20,607 - test classifier - ERROR - Exception occured in <function do_test at 0x7dbccf9e6980> with kargs={'file_name': 'data/ODP.pdf'}: cannot unpack non-iterable NoneType object 
Traceback (most recent call last):
  File "/home/jacques/works/RevolutionAI/Core/Libs-python/src/lxf/services/try_safe.py", line 23, in try_safe_execute_asyncio
    result= asyncio.run(func(**kargs))
            ^^^^^^^^^^^^^^^^^^^^^^^^^^
  File "/usr/lib/python3.12/asyncio/runners.py", line 194, in run
    return runner.run(main)
           ^^^^^^^^^^^^^^^^
  File "/usr/lib/python3.12/asyncio/runners.py", line 118, in run
    return self._loop.run_until_complete(task)
           ^^^^^^^^^^^^^^^^^^^^^^^^^^^^^^^^^^^
  File "/usr/lib/python3.12/asyncio/base_events.py", line 687, in run_until_complete
    return future.result()
           ^^^^^^^^^^^^^^^
  File "/home/jacques/works/RevolutionAI/Core/Libs-python/src/test_classifier.py", line 30, in do_test
    return await get_classification(file_name=file_name)
           ^^^^^^^^^^^^^^^^^^^^^^^^^^^^^^^^^^^^^^^^^^^^^
  File "/home/jacques/works/RevolutionAI/Core/Libs-python/src/lxf/ai/classification/classifier.py", line 45, in get_classification
    best_prediction,best_prediction_confidence,predictions = await try_safe_execute_async(logger,jupiter.inference,data=result,model_name="jupiter")
    ^^^^^^^^^^^^^^^^^^^^^^^^^^^^^^^^^^^^^^^^^^^^^^^^^^^^^^
TypeError: cannot unpack non-iterable NoneType object
2024-12-10 17:40:20,607 - test classifier - ERROR - Exception occured in <function do_test at 0x7dbccf9e6980> with kargs={'file_name': 'data/ODP.pdf'}: cannot unpack non-iterable NoneType object 
Traceback (most recent call last):
  File "/home/jacques/works/RevolutionAI/Core/Libs-python/src/lxf/services/try_safe.py", line 23, in try_safe_execute_asyncio
    result= asyncio.run(func(**kargs))
            ^^^^^^^^^^^^^^^^^^^^^^^^^^
  File "/usr/lib/python3.12/asyncio/runners.py", line 194, in run
    return runner.run(main)
           ^^^^^^^^^^^^^^^^
  File "/usr/lib/python3.12/asyncio/runners.py", line 118, in run
    return self._loop.run_until_complete(task)
           ^^^^^^^^^^^^^^^^^^^^^^^^^^^^^^^^^^^
  File "/usr/lib/python3.12/asyncio/base_events.py", line 687, in run_until_complete
    return future.result()
           ^^^^^^^^^^^^^^^
  File "/home/jacques/works/RevolutionAI/Core/Libs-python/src/test_classifier.py", line 30, in do_test
    return await get_classification(file_name=file_name)
           ^^^^^^^^^^^^^^^^^^^^^^^^^^^^^^^^^^^^^^^^^^^^^
  File "/home/jacques/works/RevolutionAI/Core/Libs-python/src/lxf/ai/classification/classifier.py", line 45, in get_classification
    best_prediction,best_prediction_confidence,predictions = await try_safe_execute_async(logger,jupiter.inference,data=result,model_name="jupiter")
    ^^^^^^^^^^^^^^^^^^^^^^^^^^^^^^^^^^^^^^^^^^^^^^^^^^^^^^
TypeError: cannot unpack non-iterable NoneType object
2024-12-10 17:40:21,131 - test classifier - ERROR - Exception occured in <bound method MulticlassClassificationJupiterModel.inference of <lxf.ai.classification.multiclass.jupiter_model.MulticlassClassificationJupiterModel object at 0x7dba711411f0>> : object tuple can't be used in 'await' expression 
Traceback (most recent call last):
  File "/home/jacques/works/RevolutionAI/Core/Libs-python/src/lxf/services/try_safe.py", line 5, in try_safe_execute_async
    result= await func(**kargs)
            ^^^^^^^^^^^^^^^^^^^
TypeError: object tuple can't be used in 'await' expression
2024-12-10 17:40:21,131 - test classifier - ERROR - Exception occured in <bound method MulticlassClassificationJupiterModel.inference of <lxf.ai.classification.multiclass.jupiter_model.MulticlassClassificationJupiterModel object at 0x7dba711411f0>> : object tuple can't be used in 'await' expression 
Traceback (most recent call last):
  File "/home/jacques/works/RevolutionAI/Core/Libs-python/src/lxf/services/try_safe.py", line 5, in try_safe_execute_async
    result= await func(**kargs)
            ^^^^^^^^^^^^^^^^^^^
TypeError: object tuple can't be used in 'await' expression
2024-12-10 17:40:21,131 - test classifier - ERROR - Exception occured in <function do_test at 0x7dbccf9e6980> with kargs={'file_name': 'data/RIBB.pdf'}: cannot unpack non-iterable NoneType object 
Traceback (most recent call last):
  File "/home/jacques/works/RevolutionAI/Core/Libs-python/src/lxf/services/try_safe.py", line 23, in try_safe_execute_asyncio
    result= asyncio.run(func(**kargs))
            ^^^^^^^^^^^^^^^^^^^^^^^^^^
  File "/usr/lib/python3.12/asyncio/runners.py", line 194, in run
    return runner.run(main)
           ^^^^^^^^^^^^^^^^
  File "/usr/lib/python3.12/asyncio/runners.py", line 118, in run
    return self._loop.run_until_complete(task)
           ^^^^^^^^^^^^^^^^^^^^^^^^^^^^^^^^^^^
  File "/usr/lib/python3.12/asyncio/base_events.py", line 687, in run_until_complete
    return future.result()
           ^^^^^^^^^^^^^^^
  File "/home/jacques/works/RevolutionAI/Core/Libs-python/src/test_classifier.py", line 30, in do_test
    return await get_classification(file_name=file_name)
           ^^^^^^^^^^^^^^^^^^^^^^^^^^^^^^^^^^^^^^^^^^^^^
  File "/home/jacques/works/RevolutionAI/Core/Libs-python/src/lxf/ai/classification/classifier.py", line 45, in get_classification
    best_prediction,best_prediction_confidence,predictions = await try_safe_execute_async(logger,jupiter.inference,data=result,model_name="jupiter")
    ^^^^^^^^^^^^^^^^^^^^^^^^^^^^^^^^^^^^^^^^^^^^^^^^^^^^^^
TypeError: cannot unpack non-iterable NoneType object
2024-12-10 17:40:21,131 - test classifier - ERROR - Exception occured in <function do_test at 0x7dbccf9e6980> with kargs={'file_name': 'data/RIBB.pdf'}: cannot unpack non-iterable NoneType object 
Traceback (most recent call last):
  File "/home/jacques/works/RevolutionAI/Core/Libs-python/src/lxf/services/try_safe.py", line 23, in try_safe_execute_asyncio
    result= asyncio.run(func(**kargs))
            ^^^^^^^^^^^^^^^^^^^^^^^^^^
  File "/usr/lib/python3.12/asyncio/runners.py", line 194, in run
    return runner.run(main)
           ^^^^^^^^^^^^^^^^
  File "/usr/lib/python3.12/asyncio/runners.py", line 118, in run
    return self._loop.run_until_complete(task)
           ^^^^^^^^^^^^^^^^^^^^^^^^^^^^^^^^^^^
  File "/usr/lib/python3.12/asyncio/base_events.py", line 687, in run_until_complete
    return future.result()
           ^^^^^^^^^^^^^^^
  File "/home/jacques/works/RevolutionAI/Core/Libs-python/src/test_classifier.py", line 30, in do_test
    return await get_classification(file_name=file_name)
           ^^^^^^^^^^^^^^^^^^^^^^^^^^^^^^^^^^^^^^^^^^^^^
  File "/home/jacques/works/RevolutionAI/Core/Libs-python/src/lxf/ai/classification/classifier.py", line 45, in get_classification
    best_prediction,best_prediction_confidence,predictions = await try_safe_execute_async(logger,jupiter.inference,data=result,model_name="jupiter")
    ^^^^^^^^^^^^^^^^^^^^^^^^^^^^^^^^^^^^^^^^^^^^^^^^^^^^^^
TypeError: cannot unpack non-iterable NoneType object
2024-12-10 17:46:11,234 - test classifier - ERROR - Exception occured in <bound method MulticlassClassificationJupiterModel.inference of <lxf.ai.classification.multiclass.jupiter_model.MulticlassClassificationJupiterModel object at 0x7b738b85fd40>> : object Predictions can't be used in 'await' expression 
Traceback (most recent call last):
  File "/home/jacques/works/RevolutionAI/Core/Libs-python/src/lxf/services/try_safe.py", line 5, in try_safe_execute_async
    result= await func(**kargs)
            ^^^^^^^^^^^^^^^^^^^
TypeError: object Predictions can't be used in 'await' expression
2024-12-10 17:46:11,234 - test classifier - ERROR - Exception occured in <bound method MulticlassClassificationJupiterModel.inference of <lxf.ai.classification.multiclass.jupiter_model.MulticlassClassificationJupiterModel object at 0x7b738b85fd40>> : object Predictions can't be used in 'await' expression 
Traceback (most recent call last):
  File "/home/jacques/works/RevolutionAI/Core/Libs-python/src/lxf/services/try_safe.py", line 5, in try_safe_execute_async
    result= await func(**kargs)
            ^^^^^^^^^^^^^^^^^^^
TypeError: object Predictions can't be used in 'await' expression
2024-12-10 17:46:11,740 - test classifier - ERROR - Exception occured in <bound method MulticlassClassificationJupiterModel.inference of <lxf.ai.classification.multiclass.jupiter_model.MulticlassClassificationJupiterModel object at 0x7b738908b740>> : object Predictions can't be used in 'await' expression 
Traceback (most recent call last):
  File "/home/jacques/works/RevolutionAI/Core/Libs-python/src/lxf/services/try_safe.py", line 5, in try_safe_execute_async
    result= await func(**kargs)
            ^^^^^^^^^^^^^^^^^^^
TypeError: object Predictions can't be used in 'await' expression
2024-12-10 17:46:11,740 - test classifier - ERROR - Exception occured in <bound method MulticlassClassificationJupiterModel.inference of <lxf.ai.classification.multiclass.jupiter_model.MulticlassClassificationJupiterModel object at 0x7b738908b740>> : object Predictions can't be used in 'await' expression 
Traceback (most recent call last):
  File "/home/jacques/works/RevolutionAI/Core/Libs-python/src/lxf/services/try_safe.py", line 5, in try_safe_execute_async
    result= await func(**kargs)
            ^^^^^^^^^^^^^^^^^^^
TypeError: object Predictions can't be used in 'await' expression
